# JRE version: Java(TM) SE Runtime Environment (7.0_51-b13) (build 1.7.0_51-b13)
# Java VM: Java HotSpot(TM) 64-Bit Server VM (24.51-b03 mixed mode windows-amd64 compressed oops)
Heap
 PSYoungGen      total 1085952K, used 579339K [0x00000007aaa80000, 0x0000000800000000, 0x0000000800000000)
  eden space 897536K, 64% used [0x00000007aaa80000,0x00000007ce042ff8,0x00000007e1700000)
  from space 188416K, 0% used [0x00000007f4800000,0x00000007f4800000,0x0000000800000000)
  to   space 250368K, 0% used [0x00000007e1700000,0x00000007e1700000,0x00000007f0b80000)
 ParOldGen       total 550912K, used 279573K [0x0000000700000000, 0x0000000721a00000, 0x00000007aaa80000)
  object space 550912K, 50% used [0x0000000700000000,0x00000007111055a0,0x0000000721a00000)
 PSPermGen       total 21504K, used 6013K [0x00000006fae00000, 0x00000006fc300000, 0x0000000700000000)
  object space 21504K, 27% used [0x00000006fae00000,0x00000006fb3df4b8,0x00000006fc300000)
GC Heap History (10 events):
Event: 8.038 GC heap before
{Heap before GC invocations=5 (full 0):
 PSYoungGen      total 549888K, used 549885K [0x00000007aaa80000, 0x00000007cd880000, 0x0000000800000000)
  eden space 528384K, 100% used [0x00000007aaa80000,0x00000007cae80000,0x00000007cae80000)
  from space 21504K, 99% used [0x00000007cc380000,0x00000007cd87f568,0x00000007cd880000)
  to   space 21504K, 0% used [0x00000007cae80000,0x00000007cae80000,0x00000007cc380000)
 ParOldGen       total 349696K, used 24560K [0x0000000700000000, 0x0000000715580000, 0x00000007aaa80000)
  object space 349696K, 7% used [0x0000000700000000,0x00000007017fc000,0x0000000715580000)
 PSPermGen       total 21504K, used 5321K [0x00000006fae00000, 0x00000006fc300000, 0x0000000700000000)
  object space 21504K, 24% used [0x00000006fae00000,0x00000006fb332788,0x00000006fc300000)
Event: 8.101 GC heap after
Heap after GC invocations=5 (full 0):
 PSYoungGen      total 549888K, used 21492K [0x00000007aaa80000, 0x00000007fc380000, 0x0000000800000000)
  eden space 528384K, 0% used [0x00000007aaa80000,0x00000007aaa80000,0x00000007cae80000)
  from space 21504K, 99% used [0x00000007cae80000,0x00000007cc37d058,0x00000007cc380000)
  to   space 139776K, 0% used [0x00000007f3b00000,0x00000007f3b00000,0x00000007fc380000)
 ParOldGen       total 349696K, used 170871K [0x0000000700000000, 0x0000000715580000, 0x00000007aaa80000)
  object space 349696K, 48% used [0x0000000700000000,0x000000070a6dde38,0x0000000715580000)
 PSPermGen       total 21504K, used 5321K [0x00000006fae00000, 0x00000006fc300000, 0x0000000700000000)
  object space 21504K, 24% used [0x00000006fae00000,0x00000006fb332788,0x00000006fc300000)
}
Event: 16.032 GC heap before
{Heap before GC invocations=6 (full 0):
 PSYoungGen      total 549888K, used 545404K [0x00000007aaa80000, 0x00000007fc380000, 0x0000000800000000)
  eden space 528384K, 99% used [0x00000007aaa80000,0x00000007caa22110,0x00000007cae80000)
  from space 21504K, 99% used [0x00000007cae80000,0x00000007cc37d058,0x00000007cc380000)
  to   space 139776K, 0% used [0x00000007f3b00000,0x00000007f3b00000,0x00000007fc380000)
 ParOldGen       total 349696K, used 170871K [0x0000000700000000, 0x0000000715580000, 0x00000007aaa80000)
  object space 349696K, 48% used [0x0000000700000000,0x000000070a6dde38,0x0000000715580000)
 PSPermGen       total 21504K, used 5521K [0x00000006fae00000, 0x00000006fc300000, 0x0000000700000000)
  object space 21504K, 25% used [0x00000006fae00000,0x00000006fb3645e8,0x00000006fc300000)
Event: 16.066 GC heap after
Heap after GC invocations=6 (full 0):
 PSYoungGen      total 1151488K, used 139763K [0x00000007aaa80000, 0x0000000800000000, 0x0000000800000000)
  eden space 1011712K, 0% used [0x00000007aaa80000,0x00000007aaa80000,0x00000007e8680000)
  from space 139776K, 99% used [0x00000007f3b00000,0x00000007fc37cfe0,0x00000007fc380000)
  to   space 184832K, 0% used [0x00000007e8680000,0x00000007e8680000,0x00000007f3b00000)
 ParOldGen       total 349696K, used 187336K [0x0000000700000000, 0x0000000715580000, 0x00000007aaa80000)
  object space 349696K, 53% used [0x0000000700000000,0x000000070b6f23e8,0x0000000715580000)
 PSPermGen       total 21504K, used 5521K [0x00000006fae00000, 0x00000006fc300000, 0x0000000700000000)
  object space 21504K, 25% used [0x00000006fae00000,0x00000006fb3645e8,0x00000006fc300000)
}
Event: 25.740 GC heap before
{Heap before GC invocations=7 (full 0):
 PSYoungGen      total 1151488K, used 1151475K [0x00000007aaa80000, 0x0000000800000000, 0x0000000800000000)
  eden space 1011712K, 100% used [0x00000007aaa80000,0x00000007e8680000,0x00000007e8680000)
  from space 139776K, 99% used [0x00000007f3b00000,0x00000007fc37cfe0,0x00000007fc380000)
  to   space 184832K, 0% used [0x00000007e8680000,0x00000007e8680000,0x00000007f3b00000)
 ParOldGen       total 349696K, used 187336K [0x0000000700000000, 0x0000000715580000, 0x00000007aaa80000)
  object space 349696K, 53% used [0x0000000700000000,0x000000070b6f23e8,0x0000000715580000)
 PSPermGen       total 21504K, used 5678K [0x00000006fae00000, 0x00000006fc300000, 0x0000000700000000)
  object space 21504K, 26% used [0x00000006fae00000,0x00000006fb38b858,0x00000006fc300000)
Event: 25.775 GC heap after
Heap after GC invocations=7 (full 0):
 PSYoungGen      total 1196544K, used 108937K [0x00000007aaa80000, 0x0000000800000000, 0x0000000800000000)
  eden space 1011712K, 0% used [0x00000007aaa80000,0x00000007aaa80000,0x00000007e8680000)
  from space 184832K, 58% used [0x00000007e8680000,0x00000007ef0e2790,0x00000007f3b00000)
  to   space 188416K, 0% used [0x00000007f4800000,0x00000007f4800000,0x0000000800000000)
 ParOldGen       total 349696K, used 187709K [0x0000000700000000, 0x0000000715580000, 0x00000007aaa80000)
  object space 349696K, 53% used [0x0000000700000000,0x000000070b74f448,0x0000000715580000)
 PSPermGen       total 21504K, used 5678K [0x00000006fae00000, 0x00000006fc300000, 0x0000000700000000)
  object space 21504K, 26% used [0x00000006fae00000,0x00000006fb38b858,0x00000006fc300000)
}
Event: 33.334 GC heap before
{Heap before GC invocations=8 (full 0):
 PSYoungGen      total 1196544K, used 1108532K [0x00000007aaa80000, 0x0000000800000000, 0x0000000800000000)
  eden space 1011712K, 98% used [0x00000007aaa80000,0x00000007e7aaa8a0,0x00000007e8680000)
  from space 184832K, 58% used [0x00000007e8680000,0x00000007ef0e2790,0x00000007f3b00000)
  to   space 188416K, 0% used [0x00000007f4800000,0x00000007f4800000,0x0000000800000000)
 ParOldGen       total 349696K, used 187709K [0x0000000700000000, 0x0000000715580000, 0x00000007aaa80000)
  object space 349696K, 53% used [0x0000000700000000,0x000000070b74f448,0x0000000715580000)
 PSPermGen       total 21504K, used 5678K [0x00000006fae00000, 0x00000006fc300000, 0x0000000700000000)
  object space 21504K, 26% used [0x00000006fae00000,0x00000006fb38bb20,0x00000006fc300000)
Event: 33.391 GC heap after
Heap after GC invocations=8 (full 0):
 PSYoungGen      total 1085952K, used 188394K [0x00000007aaa80000, 0x0000000800000000, 0x0000000800000000)
  eden space 897536K, 0% used [0x00000007aaa80000,0x00000007aaa80000,0x00000007e1700000)
  from space 188416K, 99% used [0x00000007f4800000,0x00000007ffffabe8,0x0000000800000000)
  to   space 250368K, 0% used [0x00000007e1700000,0x00000007e1700000,0x00000007f0b80000)
 ParOldGen       total 349696K, used 246189K [0x0000000700000000, 0x0000000715580000, 0x00000007aaa80000)
  object space 349696K, 70% used [0x0000000700000000,0x000000070f06b448,0x0000000715580000)
 PSPermGen       total 21504K, used 5678K [0x00000006fae00000, 0x00000006fc300000, 0x0000000700000000)
  object space 21504K, 26% used [0x00000006fae00000,0x00000006fb38bb20,0x00000006fc300000)
}
Event: 33.391 GC heap before
{Heap before GC invocations=9 (full 1):
 PSYoungGen      total 1085952K, used 188394K [0x00000007aaa80000, 0x0000000800000000, 0x0000000800000000)
  eden space 897536K, 0% used [0x00000007aaa80000,0x00000007aaa80000,0x00000007e1700000)
  from space 188416K, 99% used [0x00000007f4800000,0x00000007ffffabe8,0x0000000800000000)
  to   space 250368K, 0% used [0x00000007e1700000,0x00000007e1700000,0x00000007f0b80000)
 ParOldGen       total 349696K, used 246189K [0x0000000700000000, 0x0000000715580000, 0x00000007aaa80000)
  object space 349696K, 70% used [0x0000000700000000,0x000000070f06b448,0x0000000715580000)
 PSPermGen       total 21504K, used 5678K [0x00000006fae00000, 0x00000006fc300000, 0x0000000700000000)
  object space 21504K, 26% used [0x00000006fae00000,0x00000006fb38bb20,0x00000006fc300000)
Event: 33.687 GC heap after
Heap after GC invocations=9 (full 1):
 PSYoungGen      total 1085952K, used 0K [0x00000007aaa80000, 0x0000000800000000, 0x0000000800000000)
  eden space 897536K, 0% used [0x00000007aaa80000,0x00000007aaa80000,0x00000007e1700000)
  from space 188416K, 0% used [0x00000007f4800000,0x00000007f4800000,0x0000000800000000)
  to   space 250368K, 0% used [0x00000007e1700000,0x00000007e1700000,0x00000007f0b80000)
 ParOldGen       total 550912K, used 279573K [0x0000000700000000, 0x0000000721a00000, 0x00000007aaa80000)
  object space 550912K, 50% used [0x0000000700000000,0x00000007111055a0,0x0000000721a00000)
 PSPermGen       total 21504K, used 5677K [0x00000006fae00000, 0x00000006fc300000, 0x0000000700000000)
  object space 21504K, 26% used [0x00000006fae00000,0x00000006fb38b408,0x00000006fc300000)
}

